<?xml version="1.0" encoding="UTF-8"?>
<testng-results ignored="0" total="1" passed="1" failed="0" skipped="0">
  <reporter-output>
  </reporter-output>
  <suite started-at="2022-10-24T22:19:56Z" name="Suite" finished-at="2022-10-24T22:21:01Z" duration-ms="64927">
    <groups>
    </groups>
    <test started-at="2022-10-24T22:19:56Z" name="Test" finished-at="2022-10-24T22:21:01Z" duration-ms="64927">
      <class name="com.tests.amazonTest">
        <test-method is-config="true" signature="beforeTest()[pri:0, instance:com.tests.amazonTest@1dc3502b]" started-at="2022-10-24T22:19:56Z" name="beforeTest" finished-at="2022-10-24T22:19:56Z" duration-ms="116" status="PASS">
          <reporter-output>
          </reporter-output>
        </test-method> <!-- beforeTest -->
        <test-method is-config="true" signature="beforeMethod()[pri:0, instance:com.tests.amazonTest@1dc3502b]" started-at="2022-10-24T22:19:56Z" name="beforeMethod" finished-at="2022-10-24T22:19:56Z" duration-ms="1" status="PASS">
          <reporter-output>
          </reporter-output>
        </test-method> <!-- beforeMethod -->
        <test-method signature="testProduct()[pri:0, instance:com.tests.amazonTest@1dc3502b]" started-at="2022-10-24T22:19:57Z" name="testProduct" finished-at="2022-10-24T22:20:58Z" duration-ms="61250" status="PASS">
          <reporter-output>
          </reporter-output>
        </test-method> <!-- testProduct -->
        <test-method is-config="true" signature="afterMethod()[pri:0, instance:com.tests.amazonTest@1dc3502b]" started-at="2022-10-24T22:20:58Z" name="afterMethod" finished-at="2022-10-24T22:21:01Z" duration-ms="3100" status="PASS">
          <reporter-output>
          </reporter-output>
        </test-method> <!-- afterMethod -->
        <test-method is-config="true" signature="afterTest()[pri:0, instance:com.tests.amazonTest@1dc3502b]" started-at="2022-10-24T22:21:01Z" name="afterTest" finished-at="2022-10-24T22:21:01Z" duration-ms="2" status="PASS">
          <reporter-output>
          </reporter-output>
        </test-method> <!-- afterTest -->
      </class> <!-- com.tests.amazonTest -->
    </test> <!-- Test -->
  </suite> <!-- Suite -->
</testng-results>
