<?xml version="1.0" encoding="UTF-8"?>
<testng-results ignored="0" total="1" passed="1" failed="0" skipped="0">
  <reporter-output>
  </reporter-output>
  <suite started-at="2022-10-25T04:06:12Z" name="Suite" finished-at="2022-10-25T04:09:30Z" duration-ms="197601">
    <groups>
    </groups>
    <test started-at="2022-10-25T04:06:12Z" name=" Test" finished-at="2022-10-25T04:09:30Z" duration-ms="197601">
      <class name="com.tests.amazonTest">
        <test-method is-config="true" signature="beforeTest()[pri:0, instance:com.tests.amazonTest@250a500b]" started-at="2022-10-25T04:06:12Z" name="beforeTest" finished-at="2022-10-25T04:06:12Z" duration-ms="399" status="PASS">
          <reporter-output>
          </reporter-output>
        </test-method> <!-- beforeTest -->
        <test-method is-config="true" signature="beforeMethod()[pri:0, instance:com.tests.amazonTest@250a500b]" started-at="2022-10-25T04:06:13Z" name="beforeMethod" finished-at="2022-10-25T04:06:13Z" duration-ms="1" status="PASS">
          <reporter-output>
          </reporter-output>
        </test-method> <!-- beforeMethod -->
        <test-method signature="testProduct()[pri:0, instance:com.tests.amazonTest@250a500b]" started-at="2022-10-25T04:06:14Z" name="testProduct" finished-at="2022-10-25T04:09:04Z" duration-ms="170816" status="PASS">
          <reporter-output>
          </reporter-output>
        </test-method> <!-- testProduct -->
        <test-method is-config="true" signature="afterMethod()[pri:0, instance:com.tests.amazonTest@250a500b]" started-at="2022-10-25T04:09:04Z" name="afterMethod" finished-at="2022-10-25T04:09:29Z" duration-ms="25109" status="PASS">
          <reporter-output>
          </reporter-output>
        </test-method> <!-- afterMethod -->
        <test-method is-config="true" signature="afterTest()[pri:0, instance:com.tests.amazonTest@250a500b]" started-at="2022-10-25T04:09:30Z" name="afterTest" finished-at="2022-10-25T04:09:30Z" duration-ms="1" status="PASS">
          <reporter-output>
          </reporter-output>
        </test-method> <!-- afterTest -->
      </class> <!-- com.tests.amazonTest -->
    </test> <!--  Test -->
  </suite> <!-- Suite -->
</testng-results>
